<?xml version="1.0" encoding="UTF-8"?>
<!-- Generated by org.testng.reporters.JUnitReportReporter -->
<testsuite skipped="0" hostname="DESKTOP-NKPU78I" name="popcornWorkflows.LoginPage" tests="1" failures="0" timestamp="20 May 2018 06:07:12 GMT" time="10.222" errors="0">
  <testcase name="VerifyValidLogin" time="10.222" classname="popcornWorkflows.LoginPage"/>
</testsuite> <!-- popcornWorkflows.LoginPage -->
